[0m21:22:31.241799 [debug] [MainThread]: Sending event: {'category': 'dbt', 'action': 'invocation', 'label': 'start', 'context': [<snowplow_tracker.self_describing_json.SelfDescribingJson object at 0x10abbff10>, <snowplow_tracker.self_describing_json.SelfDescribingJson object at 0x10c656910>, <snowplow_tracker.self_describing_json.SelfDescribingJson object at 0x10c656f10>]}


============================== 21:22:31.253234 | 9147d16a-3db7-4190-8b8f-3258f26a765e ==============================
[0m21:22:31.253234 [info ] [MainThread]: Running with dbt=1.8.6
[0m21:22:31.253903 [debug] [MainThread]: running dbt with arguments {'printer_width': '80', 'indirect_selection': 'eager', 'log_cache_events': 'False', 'write_json': 'True', 'partial_parse': 'True', 'cache_selected_only': 'False', 'profiles_dir': '/Users/derekfunk/.dbt', 'debug': 'False', 'warn_error': 'None', 'log_path': 'logs', 'fail_fast': 'False', 'version_check': 'True', 'use_colors': 'True', 'use_experimental_parser': 'False', 'no_print': 'None', 'quiet': 'False', 'empty': 'None', 'warn_error_options': 'WarnErrorOptions(include=[], exclude=[])', 'invocation_command': 'dbt init datazine', 'introspect': 'True', 'log_format': 'default', 'target_path': 'None', 'static_parser': 'True', 'send_anonymous_usage_stats': 'True'}
[0m21:22:31.276009 [warn ] [MainThread]: [ConfigFolderDirectory]: Unable to parse dict {'dir': PosixPath('/Users/derekfunk/.dbt')}
[0m21:22:31.276541 [info ] [MainThread]: Creating dbt configuration folder at 
[0m21:22:31.278057 [debug] [MainThread]: Starter project path: /Users/derekfunk/dbt-env/lib/python3.9/site-packages/dbt/include/starter_project
[0m21:22:31.284682 [info ] [MainThread]: 
Your new dbt project "datazine" was created!

For more information on how to configure the profiles.yml file,
please consult the dbt documentation here:

  https://docs.getdbt.com/docs/configure-your-profile

One more thing:

Need help? Don't hesitate to reach out to us via GitHub issues or on Slack:

  https://community.getdbt.com/

Happy modeling!

[0m21:22:31.285110 [info ] [MainThread]: Setting up your profile.
[0m21:22:54.553557 [info ] [MainThread]: Profile datazine written to /Users/derekfunk/.dbt/profiles.yml using target's profile_template.yml and your supplied values. Run 'dbt debug' to validate the connection.
[0m21:22:54.579689 [debug] [MainThread]: Resource report: {"command_name": "init", "command_success": true, "command_wall_clock_time": 23.41215, "process_user_time": 1.324679, "process_kernel_time": 0.149724, "process_mem_max_rss": "87638016", "process_in_blocks": "0", "process_out_blocks": "0"}
[0m21:22:54.580702 [debug] [MainThread]: Command `dbt init` succeeded at 21:22:54.580523 after 23.41 seconds
[0m21:22:54.581278 [debug] [MainThread]: Sending event: {'category': 'dbt', 'action': 'invocation', 'label': 'end', 'context': [<snowplow_tracker.self_describing_json.SelfDescribingJson object at 0x10abbff10>, <snowplow_tracker.self_describing_json.SelfDescribingJson object at 0x10c5ffaf0>, <snowplow_tracker.self_describing_json.SelfDescribingJson object at 0x10c6a0280>]}
[0m21:22:54.581843 [debug] [MainThread]: Flushing usage events
